<?xml version="1.0" encoding="UTF-8"?>
<testng-results ignored="0" total="1" passed="1" failed="0" skipped="0">
  <reporter-output>
  </reporter-output>
  <suite started-at="2023-07-27T17:09:12 ICT" name="Suite Cucumber" finished-at="2023-07-27T17:10:20 ICT" duration-ms="68567">
    <groups>
      <group name="cucumber">
        <method signature="AbstractTestNGCucumberTests.runScenario(io.cucumber.testng.PickleWrapper,io.cucumber.testng.FeatureWrapper)[pri:0, instance:demo.com.runners.TestRunner@173373b4]" name="runScenario" class="io.cucumber.testng.AbstractTestNGCucumberTests"/>
      </group> <!-- cucumber -->
    </groups>
    <test started-at="2023-07-27T17:09:12 ICT" name="Test Cucumber TestRunnerAllFeatureByTag" finished-at="2023-07-27T17:10:20 ICT" duration-ms="68567">
      <class name="demo.com.runners.TestRunner">
        <test-method is-config="true" signature="setUpClass(org.testng.ITestContext)[pri:0, instance:demo.com.runners.TestRunner@173373b4]" started-at="2023-07-27T17:09:12 ICT" name="setUpClass" finished-at="2023-07-27T17:09:12 ICT" duration-ms="579" status="PASS">
          <params>
            <param index="0">
              <value>
                <![CDATA[org.testng.TestRunner@4e9d3925]]>
              </value>
            </param>
          </params>
          <reporter-output>
          </reporter-output>
        </test-method> <!-- setUpClass -->
        <test-method signature="runScenario(io.cucumber.testng.PickleWrapper,io.cucumber.testng.FeatureWrapper)[pri:0, instance:demo.com.runners.TestRunner@173373b4]" started-at="2023-07-27T17:09:12 ICT" name="runScenario" description="Runs Cucumber Scenarios" data-provider="scenarios" finished-at="2023-07-27T17:10:20 ICT" duration-ms="67707" status="PASS">
          <params>
            <param index="0">
              <value>
                <![CDATA["Filter Products by Category"]]>
              </value>
            </param>
            <param index="1">
              <value>
                <![CDATA["Product Management"]]>
              </value>
            </param>
          </params>
          <reporter-output>
          </reporter-output>
        </test-method> <!-- runScenario -->
        <test-method is-config="true" signature="tearDownClass()[pri:0, instance:demo.com.runners.TestRunner@173373b4]" started-at="2023-07-27T17:10:20 ICT" name="tearDownClass" finished-at="2023-07-27T17:10:20 ICT" duration-ms="208" status="PASS">
          <reporter-output>
          </reporter-output>
        </test-method> <!-- tearDownClass -->
        <test-method is-config="true" signature="afterSuite()[pri:0, instance:demo.com.runners.TestRunner@173373b4]" started-at="2023-07-27T17:10:20 ICT" name="afterSuite" finished-at="2023-07-27T17:10:20 ICT" duration-ms="0" status="PASS">
          <reporter-output>
          </reporter-output>
        </test-method> <!-- afterSuite -->
      </class> <!-- demo.com.runners.TestRunner -->
    </test> <!-- Test Cucumber TestRunnerAllFeatureByTag -->
  </suite> <!-- Suite Cucumber -->
</testng-results>
